TN:
SF:D:\Workarea\iota-pico\pal-nodejs\src\index.ts
FNF:0
FNH:0
LF:0
LH:0
BRF:0
BRH:0
end_of_record
TN:
SF:D:\Workarea\iota-pico\pal-nodejs\src\pal.ts
FN:21,(anonymous_0)
FN:24,(anonymous_1)
FN:25,(anonymous_2)
FN:26,(anonymous_3)
FNF:4
FNH:4
FNDA:5,(anonymous_0)
FNDA:1,(anonymous_1)
FNDA:1,(anonymous_2)
FNDA:1,(anonymous_3)
DA:1,1
DA:2,1
DA:3,1
DA:6,1
DA:7,1
DA:8,1
DA:13,1
DA:15,1
DA:22,5
DA:23,1
DA:24,1
DA:25,1
DA:26,1
DA:29,5
LF:14
LH:14
BRDA:22,0,0,1
BRDA:22,0,1,4
BRF:2
BRH:2
end_of_record
TN:
SF:D:\Workarea\iota-pico\pal-nodejs\src\crypto\platformCrypto.ts
FN:17,(anonymous_1)
FN:35,(anonymous_2)
FN:53,(anonymous_3)
FN:72,(anonymous_4)
FN:95,(anonymous_5)
FN:120,(anonymous_6)
FNF:6
FNH:6
FNDA:3,(anonymous_1)
FNDA:3,(anonymous_2)
FNDA:3,(anonymous_3)
FNDA:5,(anonymous_4)
FNDA:3,(anonymous_5)
FNDA:4,(anonymous_6)
DA:1,1
DA:2,1
DA:3,1
DA:5,1
DA:10,1
DA:18,3
DA:19,1
DA:21,2
DA:22,1
DA:24,1
DA:25,1
DA:26,1
DA:36,3
DA:37,1
DA:39,2
DA:40,1
DA:42,1
DA:43,1
DA:44,1
DA:54,3
DA:55,1
DA:57,2
DA:58,1
DA:60,1
DA:61,1
DA:62,1
DA:73,5
DA:74,1
DA:76,4
DA:77,1
DA:79,3
DA:80,1
DA:82,2
DA:83,2
DA:84,2
DA:99,3
DA:100,1
DA:102,2
DA:103,1
DA:106,1
DA:125,4
DA:126,1
DA:128,3
DA:129,1
DA:131,2
DA:132,1
DA:135,1
LF:47
LH:47
BRDA:18,0,0,1
BRDA:18,0,1,2
BRDA:21,1,0,1
BRDA:21,1,1,1
BRDA:36,2,0,1
BRDA:36,2,1,2
BRDA:39,3,0,1
BRDA:39,3,1,1
BRDA:54,4,0,1
BRDA:54,4,1,2
BRDA:57,5,0,1
BRDA:57,5,1,1
BRDA:73,6,0,1
BRDA:73,6,1,4
BRDA:76,7,0,1
BRDA:76,7,1,3
BRDA:79,8,0,1
BRDA:79,8,1,2
BRDA:99,9,0,1
BRDA:99,9,1,2
BRDA:102,10,0,1
BRDA:102,10,1,1
BRDA:125,11,0,1
BRDA:125,11,1,3
BRDA:128,12,0,1
BRDA:128,12,1,2
BRDA:131,13,0,1
BRDA:131,13,1,1
BRF:28
BRH:28
end_of_record
TN:
SF:D:\Workarea\iota-pico\pal-nodejs\src\network\networkClient.ts
FN:32,(anonymous_1)
FN:54,(anonymous_2)
FN:68,(anonymous_3)
FN:82,(anonymous_4)
FN:85,(anonymous_5)
FN:109,(anonymous_6)
FN:116,(anonymous_7)
FN:139,(anonymous_8)
FN:140,(anonymous_9)
FN:161,(anonymous_10)
FN:164,(anonymous_11)
FN:167,(anonymous_12)
FN:180,(anonymous_13)
FN:188,(anonymous_14)
FNF:14
FNH:14
FNDA:19,(anonymous_1)
FNDA:6,(anonymous_2)
FNDA:4,(anonymous_3)
FNDA:2,(anonymous_4)
FNDA:2,(anonymous_5)
FNDA:2,(anonymous_6)
FNDA:2,(anonymous_7)
FNDA:14,(anonymous_8)
FNDA:14,(anonymous_9)
FNDA:14,(anonymous_10)
FNDA:9,(anonymous_11)
FNDA:14,(anonymous_12)
FNDA:5,(anonymous_13)
FNDA:1,(anonymous_14)
DA:1,1
DA:2,1
DA:3,1
DA:4,1
DA:8,1
DA:9,1
DA:10,1
DA:15,1
DA:34,19
DA:35,1
DA:37,18
DA:38,1
DA:40,17
DA:41,17
DA:42,17
DA:43,17
DA:45,17
DA:55,6
DA:56,6
DA:57,3
DA:58,3
DA:69,4
DA:70,4
DA:71,2
DA:72,2
DA:83,2
DA:84,2
DA:86,2
DA:87,2
DA:88,1
DA:89,1
DA:91,1
DA:92,1
DA:110,2
DA:112,2
DA:113,2
DA:115,2
DA:117,2
DA:118,2
DA:119,1
DA:120,1
DA:122,1
DA:123,1
DA:140,14
DA:141,14
DA:143,14
DA:144,14
DA:145,14
DA:146,1
DA:147,1
DA:148,1
DA:151,14
DA:161,14
DA:162,14
DA:163,14
DA:164,14
DA:165,9
DA:167,14
DA:168,14
DA:169,12
DA:171,2
DA:172,2
DA:180,14
DA:181,5
DA:183,5
DA:188,14
DA:189,1
DA:191,1
DA:195,14
DA:196,6
DA:198,14
LF:71
LH:71
BRDA:32,0,0,2
BRDA:34,1,0,1
BRDA:34,1,1,18
BRDA:37,2,0,1
BRDA:37,2,1,17
BRDA:37,3,0,18
BRDA:37,3,1,18
BRDA:42,4,0,17
BRDA:42,4,1,17
BRDA:43,5,0,17
BRDA:43,5,1,2
BRDA:43,6,0,1
BRDA:43,6,1,1
BRDA:112,7,0,2
BRDA:112,7,1,2
BRDA:141,8,0,14
BRDA:141,8,1,7
BRDA:145,9,0,1
BRDA:145,9,1,13
BRDA:158,10,0,1
BRDA:158,10,1,13
BRDA:168,11,0,12
BRDA:168,11,1,2
BRDA:175,12,0,2
BRDA:175,12,1,2
BRDA:195,13,0,6
BRDA:195,13,1,8
BRF:27
BRH:27
end_of_record
TN:
SF:D:\Workarea\iota-pico\pal-nodejs\src\services\rngService.ts
FN:13,(anonymous_1)
FNF:1
FNH:1
FNDA:1,(anonymous_1)
DA:2,1
DA:7,1
DA:14,1
LF:3
LH:3
BRF:0
BRH:0
end_of_record
