TN:
SF:D:\Workarea\iotaeco\iota-pico-pal-nodejs\src\index.ts
FNF:0
FNH:0
LF:0
LH:0
BRF:0
BRH:0
end_of_record
TN:
SF:D:\Workarea\iotaeco\iota-pico-pal-nodejs\src\pal.ts
FN:15,(anonymous_0)
FN:18,(anonymous_1)
FNF:2
FNH:2
FNDA:3,(anonymous_0)
FNDA:1,(anonymous_1)
DA:1,1
DA:3,1
DA:8,1
DA:10,1
DA:16,3
DA:17,1
DA:18,1
DA:21,3
LF:8
LH:8
BRDA:16,0,0,1
BRDA:16,0,1,2
BRF:2
BRH:2
end_of_record
TN:
SF:D:\Workarea\iotaeco\iota-pico-pal-nodejs\src\network\networkClient.ts
FN:31,(anonymous_1)
FN:53,(anonymous_2)
FN:67,(anonymous_3)
FN:81,(anonymous_4)
FN:84,(anonymous_5)
FN:108,(anonymous_6)
FN:115,(anonymous_7)
FN:131,(anonymous_8)
FN:132,(anonymous_9)
FN:153,(anonymous_10)
FN:156,(anonymous_11)
FN:159,(anonymous_12)
FN:173,(anonymous_13)
FN:181,(anonymous_14)
FNF:14
FNH:14
FNDA:19,(anonymous_1)
FNDA:6,(anonymous_2)
FNDA:4,(anonymous_3)
FNDA:2,(anonymous_4)
FNDA:2,(anonymous_5)
FNDA:2,(anonymous_6)
FNDA:2,(anonymous_7)
FNDA:14,(anonymous_8)
FNDA:14,(anonymous_9)
FNDA:14,(anonymous_10)
FNDA:9,(anonymous_11)
FNDA:14,(anonymous_12)
FNDA:5,(anonymous_13)
FNDA:1,(anonymous_14)
DA:1,1
DA:2,1
DA:3,1
DA:4,1
DA:8,1
DA:9,1
DA:10,1
DA:15,1
DA:33,19
DA:34,1
DA:36,18
DA:37,1
DA:39,17
DA:40,17
DA:41,17
DA:42,17
DA:44,17
DA:54,6
DA:55,6
DA:56,3
DA:57,3
DA:68,4
DA:69,4
DA:70,2
DA:71,2
DA:82,2
DA:83,2
DA:85,2
DA:86,2
DA:87,1
DA:88,1
DA:90,1
DA:91,1
DA:109,2
DA:111,2
DA:112,2
DA:114,2
DA:116,2
DA:117,2
DA:118,1
DA:119,1
DA:121,1
DA:122,1
DA:132,14
DA:133,14
DA:135,14
DA:136,14
DA:137,14
DA:138,1
DA:139,1
DA:140,1
DA:143,14
DA:153,14
DA:154,14
DA:155,14
DA:156,14
DA:157,9
DA:159,14
DA:160,14
DA:161,12
DA:162,12
DA:164,2
DA:165,2
DA:173,14
DA:174,5
DA:176,5
DA:181,14
DA:182,1
DA:184,1
DA:188,14
DA:189,6
DA:191,14
LF:72
LH:72
BRDA:31,0,0,2
BRDA:33,1,0,1
BRDA:33,1,1,18
BRDA:36,2,0,1
BRDA:36,2,1,17
BRDA:36,3,0,18
BRDA:36,3,1,18
BRDA:41,4,0,17
BRDA:41,4,1,17
BRDA:42,5,0,17
BRDA:42,5,1,2
BRDA:42,6,0,1
BRDA:42,6,1,1
BRDA:111,7,0,2
BRDA:111,7,1,2
BRDA:133,8,0,14
BRDA:133,8,1,7
BRDA:137,9,0,1
BRDA:137,9,1,13
BRDA:150,10,0,1
BRDA:150,10,1,13
BRDA:160,11,0,12
BRDA:160,11,1,2
BRDA:168,12,0,2
BRDA:168,12,1,2
BRDA:188,13,0,6
BRDA:188,13,1,8
BRF:27
BRH:27
end_of_record
